Flow report for ModuloK_Counter
Mon Dec 12 11:10:43 2016
Quartus II 64-Bit Version 13.0.1 Build 232 06/12/2013 Service Pack 1 SJ Web Edition


---------------------
; Table of Contents ;
---------------------
  1. Legal Notice
  2. Flow Summary
  3. Flow Settings
  4. Flow Non-Default Global Settings
  5. Flow Elapsed Time
  6. Flow OS Summary
  7. Flow Log
  8. Flow Messages
  9. Flow Suppressed Messages



----------------
; Legal Notice ;
----------------
Copyright (C) 1991-2013 Altera Corporation
Your use of Altera Corporation's design tools, logic functions 
and other software and tools, and its AMPP partner logic 
functions, and any output files from any of the foregoing 
(including device programming or simulation files), and any 
associated documentation or information are expressly subject 
to the terms and conditions of the Altera Program License 
Subscription Agreement, Altera MegaCore Function License 
Agreement, or other applicable license agreement, including, 
without limitation, that your use is for the sole purpose of 
programming logic devices manufactured by Altera and sold by 
Altera or its authorized distributors.  Please refer to the 
applicable agreement for further details.



+--------------------------------------------------------------------------------------+
; Flow Summary                                                                         ;
+------------------------------------+-------------------------------------------------+
; Flow Status                        ; Successful - Mon Dec 12 11:10:43 2016           ;
; Quartus II 64-Bit Version          ; 13.0.1 Build 232 06/12/2013 SP 1 SJ Web Edition ;
; Revision Name                      ; ModuloK_Counter                                 ;
; Top-level Entity Name              ; mod6                                            ;
; Family                             ; Cyclone II                                      ;
; Device                             ; EP2C35F672C6                                    ;
; Timing Models                      ; Final                                           ;
; Total logic elements               ; 9 / 33,216 ( < 1 % )                            ;
;     Total combinational functions  ; 9 / 33,216 ( < 1 % )                            ;
;     Dedicated logic registers      ; 6 / 33,216 ( < 1 % )                            ;
; Total registers                    ; 6                                               ;
; Total pins                         ; 8 / 475 ( 2 % )                                 ;
; Total virtual pins                 ; 0                                               ;
; Total memory bits                  ; 0 / 483,840 ( 0 % )                             ;
; Embedded Multiplier 9-bit elements ; 0 / 70 ( 0 % )                                  ;
; Total PLLs                         ; 0 / 4 ( 0 % )                                   ;
+------------------------------------+-------------------------------------------------+


+-----------------------------------------+
; Flow Settings                           ;
+-------------------+---------------------+
; Option            ; Setting             ;
+-------------------+---------------------+
; Start date & time ; 12/12/2016 11:10:17 ;
; Main task         ; Compilation         ;
; Revision Name     ; ModuloK_Counter     ;
+-------------------+---------------------+


+------------------------------------------------------------------------------------------------------------------------+
; Flow Non-Default Global Settings                                                                                       ;
+-------------------------------------+---------------------------------+-----------------+-------------+----------------+
; Assignment Name                     ; Value                           ; Default Value   ; Entity Name ; Section Id     ;
+-------------------------------------+---------------------------------+-----------------+-------------+----------------+
; COMPILER_SIGNATURE_ID               ; 246927997520350.148155901611996 ; --              ; --          ; --             ;
; EDA_GENERATE_FUNCTIONAL_NETLIST     ; On                              ; --              ; --          ; eda_simulation ;
; EDA_OUTPUT_DATA_FORMAT              ; Verilog Hdl                     ; --              ; --          ; eda_simulation ;
; EDA_SIMULATION_TOOL                 ; ModelSim-Altera (Verilog)       ; <None>          ; --          ; --             ;
; MAX_CORE_JUNCTION_TEMP              ; 85                              ; --              ; --          ; --             ;
; MIN_CORE_JUNCTION_TEMP              ; 0                               ; --              ; --          ; --             ;
; PARTITION_COLOR                     ; 16764057                        ; --              ; mod6        ; Top            ;
; PARTITION_FITTER_PRESERVATION_LEVEL ; PLACEMENT_AND_ROUTING           ; --              ; mod6        ; Top            ;
; PARTITION_NETLIST_TYPE              ; SOURCE                          ; --              ; mod6        ; Top            ;
; PROJECT_OUTPUT_DIRECTORY            ; output_files                    ; --              ; --          ; --             ;
; TOP_LEVEL_ENTITY                    ; mod6                            ; ModuloK_Counter ; --          ; --             ;
+-------------------------------------+---------------------------------+-----------------+-------------+----------------+


+-------------------------------------------------------------------------------------------------------------------------------+
; Flow Elapsed Time                                                                                                             ;
+---------------------------+--------------+-------------------------+---------------------+------------------------------------+
; Module Name               ; Elapsed Time ; Average Processors Used ; Peak Virtual Memory ; Total CPU Time (on all processors) ;
+---------------------------+--------------+-------------------------+---------------------+------------------------------------+
; Analysis & Synthesis      ; 00:00:02     ; 1.0                     ; 533 MB              ; 00:00:01                           ;
; Fitter                    ; 00:00:05     ; 1.0                     ; 769 MB              ; 00:00:06                           ;
; Assembler                 ; 00:00:03     ; 1.0                     ; 438 MB              ; 00:00:02                           ;
; TimeQuest Timing Analyzer ; 00:00:01     ; 1.0                     ; 426 MB              ; 00:00:01                           ;
; EDA Netlist Writer        ; 00:00:00     ; 1.0                     ; 397 MB              ; 00:00:00                           ;
; EDA Netlist Writer        ; 00:00:00     ; 1.0                     ; 405 MB              ; 00:00:01                           ;
; EDA Netlist Writer        ; 00:00:01     ; 1.0                     ; 405 MB              ; 00:00:01                           ;
; Total                     ; 00:00:12     ; --                      ; --                  ; 00:00:12                           ;
+---------------------------+--------------+-------------------------+---------------------+------------------------------------+


+----------------------------------------------------------------------------------------+
; Flow OS Summary                                                                        ;
+---------------------------+------------------+-----------+------------+----------------+
; Module Name               ; Machine Hostname ; OS Name   ; OS Version ; Processor type ;
+---------------------------+------------------+-----------+------------+----------------+
; Analysis & Synthesis      ; Kelly            ; Windows 7 ; 6.2        ; x86_64         ;
; Fitter                    ; Kelly            ; Windows 7 ; 6.2        ; x86_64         ;
; Assembler                 ; Kelly            ; Windows 7 ; 6.2        ; x86_64         ;
; TimeQuest Timing Analyzer ; Kelly            ; Windows 7 ; 6.2        ; x86_64         ;
; EDA Netlist Writer        ; Kelly            ; Windows 7 ; 6.2        ; x86_64         ;
; EDA Netlist Writer        ; Kelly            ; Windows 7 ; 6.2        ; x86_64         ;
; EDA Netlist Writer        ; Kelly            ; Windows 7 ; 6.2        ; x86_64         ;
+---------------------------+------------------+-----------+------------+----------------+


------------
; Flow Log ;
------------
quartus_map --read_settings_files=on --write_settings_files=off ModuloK_Counter -c ModuloK_Counter
quartus_fit --read_settings_files=off --write_settings_files=off ModuloK_Counter -c ModuloK_Counter
quartus_asm --read_settings_files=off --write_settings_files=off ModuloK_Counter -c ModuloK_Counter
quartus_sta ModuloK_Counter -c ModuloK_Counter
quartus_eda --read_settings_files=off --write_settings_files=off ModuloK_Counter -c ModuloK_Counter
quartus_eda --gen_testbench --check_outputs=on --tool=modelsim_oem --format=verilog ModuloK_Counter -c ModuloK_Counter --vector_source="C:/Users/Kelly Lu/Desktop/CS211/Project Files/P11_Clocks/PART1_ModuloK_Counter/mod6_Waveform.vwf" --testbench_file=./simulation/qsim/ModuloK_Counter.vt
quartus_eda --functional=on --simulation=on --tool=modelsim_oem --format=verilog ModuloK_Counter -c ModuloK_Counter



