Flow report for 3bit_BCD_Counter
Mon Dec 12 11:16:20 2016
Quartus II 64-Bit Version 13.0.1 Build 232 06/12/2013 Service Pack 1 SJ Web Edition


---------------------
; Table of Contents ;
---------------------
  1. Legal Notice
  2. Flow Summary
  3. Flow Settings
  4. Flow Non-Default Global Settings
  5. Flow Elapsed Time
  6. Flow OS Summary
  7. Flow Log
  8. Flow Messages
  9. Flow Suppressed Messages



----------------
; Legal Notice ;
----------------
Copyright (C) 1991-2013 Altera Corporation
Your use of Altera Corporation's design tools, logic functions 
and other software and tools, and its AMPP partner logic 
functions, and any output files from any of the foregoing 
(including device programming or simulation files), and any 
associated documentation or information are expressly subject 
to the terms and conditions of the Altera Program License 
Subscription Agreement, Altera MegaCore Function License 
Agreement, or other applicable license agreement, including, 
without limitation, that your use is for the sole purpose of 
programming logic devices manufactured by Altera and sold by 
Altera or its authorized distributors.  Please refer to the 
applicable agreement for further details.



+--------------------------------------------------------------------------------------+
; Flow Summary                                                                         ;
+------------------------------------+-------------------------------------------------+
; Flow Status                        ; Successful - Mon Dec 12 11:16:20 2016           ;
; Quartus II 64-Bit Version          ; 13.0.1 Build 232 06/12/2013 SP 1 SJ Web Edition ;
; Revision Name                      ; 3bit_BCD_Counter                                ;
; Top-level Entity Name              ; BCD_Counter3                                    ;
; Family                             ; Cyclone II                                      ;
; Device                             ; EP2C35F672C6                                    ;
; Timing Models                      ; Final                                           ;
; Total logic elements               ; 132 / 33,216 ( < 1 % )                          ;
;     Total combinational functions  ; 131 / 33,216 ( < 1 % )                          ;
;     Dedicated logic registers      ; 43 / 33,216 ( < 1 % )                           ;
; Total registers                    ; 43                                              ;
; Total pins                         ; 23 / 475 ( 5 % )                                ;
; Total virtual pins                 ; 0                                               ;
; Total memory bits                  ; 0 / 483,840 ( 0 % )                             ;
; Embedded Multiplier 9-bit elements ; 0 / 70 ( 0 % )                                  ;
; Total PLLs                         ; 0 / 4 ( 0 % )                                   ;
+------------------------------------+-------------------------------------------------+


+-----------------------------------------+
; Flow Settings                           ;
+-------------------+---------------------+
; Option            ; Setting             ;
+-------------------+---------------------+
; Start date & time ; 12/11/2016 20:23:30 ;
; Main task         ; Compilation         ;
; Revision Name     ; 3bit_BCD_Counter    ;
+-------------------+---------------------+


+----------------------------------------------------------------------------------------------------------------------------+
; Flow Non-Default Global Settings                                                                                           ;
+-------------------------------------+---------------------------------------+------------------+--------------+------------+
; Assignment Name                     ; Value                                 ; Default Value    ; Entity Name  ; Section Id ;
+-------------------------------------+---------------------------------------+------------------+--------------+------------+
; COMPILER_SIGNATURE_ID               ; 246927997520350.148150580909976       ; --               ; --           ; --         ;
; MAX_CORE_JUNCTION_TEMP              ; 85                                    ; --               ; --           ; --         ;
; MIN_CORE_JUNCTION_TEMP              ; 0                                     ; --               ; --           ; --         ;
; PARTITION_COLOR                     ; 16764057                              ; --               ; BCD_Counter3 ; Top        ;
; PARTITION_FITTER_PRESERVATION_LEVEL ; PLACEMENT_AND_ROUTING                 ; --               ; BCD_Counter3 ; Top        ;
; PARTITION_NETLIST_TYPE              ; SOURCE                                ; --               ; BCD_Counter3 ; Top        ;
; POWER_BOARD_THERMAL_MODEL           ; None (CONSERVATIVE)                   ; --               ; --           ; --         ;
; POWER_PRESET_COOLING_SOLUTION       ; 23 MM HEAT SINK WITH 200 LFPM AIRFLOW ; --               ; --           ; --         ;
; PROJECT_OUTPUT_DIRECTORY            ; output_files                          ; --               ; --           ; --         ;
; TOP_LEVEL_ENTITY                    ; BCD_Counter3                          ; 3bit_BCD_Counter ; --           ; --         ;
+-------------------------------------+---------------------------------------+------------------+--------------+------------+


+-------------------------------------------------------------------------------------------------------------------------------+
; Flow Elapsed Time                                                                                                             ;
+---------------------------+--------------+-------------------------+---------------------+------------------------------------+
; Module Name               ; Elapsed Time ; Average Processors Used ; Peak Virtual Memory ; Total CPU Time (on all processors) ;
+---------------------------+--------------+-------------------------+---------------------+------------------------------------+
; Analysis & Synthesis      ; 00:00:02     ; 1.0                     ; 530 MB              ; 00:00:02                           ;
; Fitter                    ; 00:00:08     ; 1.0                     ; 766 MB              ; 00:00:08                           ;
; Assembler                 ; 00:00:02     ; 1.0                     ; 447 MB              ; 00:00:03                           ;
; TimeQuest Timing Analyzer ; 00:00:03     ; 1.0                     ; 441 MB              ; 00:00:01                           ;
; EDA Netlist Writer        ; 00:00:00     ; 1.0                     ; 405 MB              ; 00:00:01                           ;
; EDA Netlist Writer        ; 00:00:01     ; 1.0                     ; 405 MB              ; 00:00:01                           ;
; EDA Netlist Writer        ; 00:00:00     ; 1.0                     ; 405 MB              ; 00:00:01                           ;
; EDA Netlist Writer        ; 00:00:00     ; 1.0                     ; 405 MB              ; 00:00:01                           ;
; Total                     ; 00:00:16     ; --                      ; --                  ; 00:00:18                           ;
+---------------------------+--------------+-------------------------+---------------------+------------------------------------+


+----------------------------------------------------------------------------------------+
; Flow OS Summary                                                                        ;
+---------------------------+------------------+-----------+------------+----------------+
; Module Name               ; Machine Hostname ; OS Name   ; OS Version ; Processor type ;
+---------------------------+------------------+-----------+------------+----------------+
; Analysis & Synthesis      ; Kelly            ; Windows 7 ; 6.2        ; x86_64         ;
; Fitter                    ; Kelly            ; Windows 7 ; 6.2        ; x86_64         ;
; Assembler                 ; Kelly            ; Windows 7 ; 6.2        ; x86_64         ;
; TimeQuest Timing Analyzer ; Kelly            ; Windows 7 ; 6.2        ; x86_64         ;
; EDA Netlist Writer        ; Kelly            ; Windows 7 ; 6.2        ; x86_64         ;
; EDA Netlist Writer        ; Kelly            ; Windows 7 ; 6.2        ; x86_64         ;
; EDA Netlist Writer        ; Kelly            ; Windows 7 ; 6.2        ; x86_64         ;
; EDA Netlist Writer        ; Kelly            ; Windows 7 ; 6.2        ; x86_64         ;
+---------------------------+------------------+-----------+------------+----------------+


------------
; Flow Log ;
------------
quartus_map --read_settings_files=on --write_settings_files=off 3bit_BCD_Counter -c 3bit_BCD_Counter
quartus_fit --read_settings_files=off --write_settings_files=off 3bit_BCD_Counter -c 3bit_BCD_Counter
quartus_asm --read_settings_files=off --write_settings_files=off 3bit_BCD_Counter -c 3bit_BCD_Counter
quartus_sta 3bit_BCD_Counter -c 3bit_BCD_Counter
quartus_eda --gen_testbench --check_outputs=on --tool=modelsim_oem --format=verilog 3bit_BCD_Counter -c 3bit_BCD_Counter --vector_source="C:/Users/Kelly Lu/Desktop/CS211/Project Files/P11_Clocks/PART2_3bit_BCD_Counter/Waveform.vwf" --testbench_file=./simulation/qsim/3bit_BCD_Counter.vt
quartus_eda --functional=on --simulation=on --tool=modelsim_oem --format=verilog 3bit_BCD_Counter -c 3bit_BCD_Counter
quartus_eda --gen_testbench --check_outputs=on --tool=modelsim_oem --format=verilog 3bit_BCD_Counter -c 3bit_BCD_Counter --vector_source="C:/Users/Kelly Lu/Desktop/CS211/Project Files/P11_Clocks/PART2_3bit_BCD_Counter/Waveform.vwf" --testbench_file=./simulation/qsim/3bit_BCD_Counter.vt
quartus_eda --functional=on --simulation=on --tool=modelsim_oem --format=verilog 3bit_BCD_Counter -c 3bit_BCD_Counter



